[00:06:22] [ServerMain/INFO]: Environment: authHost='https://authserver.mojang.com', accountsHost='https://api.mojang.com', sessionHost='https://sessionserver.mojang.com', servicesHost='https://api.minecraftservices.com', name='PROD'
[00:06:22] [ServerMain/INFO]: Found new data pack file/bukkit, loading it automatically
[00:06:25] [ServerMain/INFO]: Loaded 7 recipes
[00:06:25] [Server thread/INFO]: Starting minecraft server version 1.20.1
[00:06:25] [Server thread/INFO]: Loading properties
[00:06:25] [Server thread/INFO]: This server is running Paper version git-Paper-196 (MC: 1.20.1) (Implementing API version 1.20.1-R0.1-SNAPSHOT) (Git: 773dd72)
[00:06:26] [Server thread/INFO]: Server Ping Player Sample Count: 12
[00:06:26] [Server thread/INFO]: Using 4 threads for Netty based IO
[00:06:26] [Server thread/INFO]: [ChunkTaskScheduler] Chunk system is using 1 I/O threads, 1 worker threads, and gen parallelism of 1 threads
[00:06:26] [Server thread/WARN]: [!] The timings profiler has been enabled but has been scheduled for removal from Paper in the future.
    We recommend installing the spark profiler as a replacement: https://spark.lucko.me/
    For more information please visit: https://github.com/PaperMC/Paper/issues/8948
[00:06:26] [Server thread/INFO]: Default game type: SURVIVAL
[00:06:26] [Server thread/INFO]: Generating keypair
[00:06:27] [Server thread/INFO]: Starting Minecraft server on *:25565
[00:06:27] [Server thread/INFO]: Using epoll channel type
[00:06:27] [Server thread/INFO]: Paper: Using libdeflate (Linux x86_64) compression from Velocity.
[00:06:27] [Server thread/INFO]: Paper: Using OpenSSL 1.1.x (Linux x86_64) cipher from Velocity.
[00:06:27] [Server thread/WARN]: **** SERVER IS RUNNING IN OFFLINE/INSECURE MODE!
[00:06:27] [Server thread/WARN]: The server will make no attempt to authenticate usernames. Beware.
[00:06:27] [Server thread/WARN]: While this makes the game possible to play without internet access, it also opens up the ability for hackers to connect with any username they choose.
[00:06:27] [Server thread/WARN]: To change this, set "online-mode" to "true" in the server.properties file.
[00:06:27] [Server thread/INFO]: Preparing level "world"
[00:06:38] [Server thread/INFO]: Preparing start region for dimension minecraft:overworld
[00:06:38] [Server thread/INFO]: Time elapsed: 99 ms
[00:06:38] [Server thread/INFO]: Preparing start region for dimension minecraft:the_nether
[00:06:38] [Server thread/INFO]: Time elapsed: 69 ms
[00:06:38] [Server thread/INFO]: Preparing start region for dimension minecraft:the_end
[00:06:39] [Server thread/INFO]: Time elapsed: 57 ms
[00:06:39] [Server thread/INFO]: Running delayed init tasks
[00:06:39] [Server thread/INFO]: Done (13.348s)! For help, type "help"
[00:06:39] [Server thread/INFO]: Timings Reset
[00:10:54] [User Authenticator #0/INFO]: UUID of player Erni is 1e88e044-57b3-3114-aead-44b4f9b07f70
[00:10:54] [Server thread/INFO]: Erni joined the game
[00:10:54] [Server thread/INFO]: Erni[/127.66.245.75:35177] logged in with entity id 372 at ([world]-4.5, 112.0, 120.5)
[00:12:49] [Server thread/INFO]: Erni lost connection: Disconnected
[00:12:49] [Server thread/INFO]: Erni left the game
[00:14:09] [Server thread/INFO]: Stopping server
[00:14:09] [Server thread/INFO]: Saving players
[00:14:09] [Server thread/INFO]: Saving worlds
[00:14:09] [Server thread/INFO]: Saving chunks for level 'ServerLevel[world]'/minecraft:overworld
[00:14:09] [Server thread/INFO]: [ChunkHolderManager] Waiting 60s for chunk system to halt for world 'world'
[00:14:09] [Server thread/INFO]: [ChunkHolderManager] Halted chunk system for world 'world'
[00:14:09] [Server thread/INFO]: [ChunkHolderManager] Saving all chunkholders for world 'world'
[00:14:10] [Server thread/INFO]: [ChunkHolderManager] Saved 1693 block chunks, 338 entity chunks, 11 poi chunks in world 'world' in 0.98s
[00:14:10] [Server thread/INFO]: ThreadedAnvilChunkStorage (world): All chunks are saved
[00:14:10] [Server thread/INFO]: Saving chunks for level 'ServerLevel[world_nether]'/minecraft:the_nether
[00:14:10] [Server thread/INFO]: [ChunkHolderManager] Waiting 60s for chunk system to halt for world 'world_nether'
[00:14:10] [Server thread/INFO]: [ChunkHolderManager] Halted chunk system for world 'world_nether'
[00:14:10] [Server thread/INFO]: [ChunkHolderManager] Saving all chunkholders for world 'world_nether'
[00:14:11] [Server thread/INFO]: [ChunkHolderManager] Saved 1497 block chunks, 15 entity chunks, 0 poi chunks in world 'world_nether' in 0.35s
[00:14:11] [Server thread/INFO]: ThreadedAnvilChunkStorage (DIM-1): All chunks are saved
[00:14:11] [Server thread/INFO]: Saving chunks for level 'ServerLevel[world_the_end]'/minecraft:the_end
[00:14:11] [Server thread/INFO]: [ChunkHolderManager] Waiting 60s for chunk system to halt for world 'world_the_end'
[00:14:11] [Server thread/INFO]: [ChunkHolderManager] Halted chunk system for world 'world_the_end'
[00:14:11] [Server thread/INFO]: [ChunkHolderManager] Saving all chunkholders for world 'world_the_end'
[00:14:11] [Server thread/INFO]: [ChunkHolderManager] Saved 1506 block chunks, 10 entity chunks, 0 poi chunks in world 'world_the_end' in 0.34s
[00:14:11] [Server thread/INFO]: ThreadedAnvilChunkStorage (DIM1): All chunks are saved
[00:14:11] [Server thread/INFO]: ThreadedAnvilChunkStorage: All dimensions are saved
[00:14:11] [Server thread/INFO]: Flushing Chunk IO
[00:14:11] [Server thread/INFO]: Closing Thread Pool
[00:14:11] [Server thread/INFO]: Closing Server
